# JRE version: OpenJDK Runtime Environment Temurin-21.0.10+7 (21.0.10+7) (build 21.0.10+7-LTS)
# Java VM: OpenJDK 64-Bit Server VM Temurin-21.0.10+7 (21.0.10+7-LTS, mixed mode, sharing, tiered, compressed oops, compressed class ptrs, parallel gc, windows-amd64)
GC Precious Log:
 CardTable entry size: 512
 CPUs: 8 total, 8 available
 Memory: 16183M
 Large Page Support: Disabled
 NUMA Support: Disabled
 Compressed Oops: Enabled (32-bit)
 Alignments: Space 512K, Generation 512K, Heap 2M
 Heap Min Capacity: 100M
 Heap Initial Capacity: 100M
 Heap Max Capacity: 2G
 Pre-touch: Disabled
 Parallel Workers: 8
Heap:
 PSYoungGen      total 3072K, used 519K [0x00000000d5580000, 0x00000000d5980000, 0x0000000100000000)
  eden space 2560K, 10% used [0x00000000d5580000,0x00000000d55c1f38,0x00000000d5800000)
  from space 512K, 50% used [0x00000000d5880000,0x00000000d58c0000,0x00000000d5900000)
  to   space 512K, 0% used [0x00000000d5900000,0x00000000d5900000,0x00000000d5980000)
 ParOldGen       total 185344K, used 56698K [0x0000000080000000, 0x000000008b500000, 0x00000000d5580000)
  object space 185344K, 30% used [0x0000000080000000,0x000000008375ea38,0x000000008b500000)
 Metaspace       used 75948K, committed 77632K, reserved 1179648K
  class space    used 7842K, committed 8640K, reserved 1048576K
GC Heap History (20 events):
Event: 493.572 GC heap before
{Heap before GC invocations=136 (full 3):
 PSYoungGen      total 3072K, used 2784K [0x00000000d5580000, 0x00000000d5980000, 0x0000000100000000)
  eden space 2560K, 100% used [0x00000000d5580000,0x00000000d5800000,0x00000000d5800000)
  from space 512K, 43% used [0x00000000d5900000,0x00000000d5938000,0x00000000d5980000)
  to   space 512K, 0% used [0x00000000d5880000,0x00000000d5880000,0x00000000d5900000)
 ParOldGen       total 184832K, used 184488K [0x0000000080000000, 0x000000008b480000, 0x00000000d5580000)
  object space 184832K, 99% used [0x0000000080000000,0x000000008b42a340,0x000000008b480000)
 Metaspace       used 73875K, committed 75584K, reserved 1179648K
  class space    used 7532K, committed 8320K, reserved 1048576K
}
Event: 493.573 GC heap after
{Heap after GC invocations=136 (full 3):
 PSYoungGen      total 3072K, used 192K [0x00000000d5580000, 0x00000000d5980000, 0x0000000100000000)
  eden space 2560K, 0% used [0x00000000d5580000,0x00000000d5580000,0x00000000d5800000)
  from space 512K, 37% used [0x00000000d5880000,0x00000000d58b0000,0x00000000d5900000)
  to   space 512K, 0% used [0x00000000d5900000,0x00000000d5900000,0x00000000d5980000)
 ParOldGen       total 184832K, used 184544K [0x0000000080000000, 0x000000008b480000, 0x00000000d5580000)
  object space 184832K, 99% used [0x0000000080000000,0x000000008b438340,0x000000008b480000)
 Metaspace       used 73875K, committed 75584K, reserved 1179648K
  class space    used 7532K, committed 8320K, reserved 1048576K
}
Event: 493.624 GC heap before
{Heap before GC invocations=137 (full 3):
 PSYoungGen      total 3072K, used 2752K [0x00000000d5580000, 0x00000000d5980000, 0x0000000100000000)
  eden space 2560K, 100% used [0x00000000d5580000,0x00000000d5800000,0x00000000d5800000)
  from space 512K, 37% used [0x00000000d5880000,0x00000000d58b0000,0x00000000d5900000)
  to   space 512K, 0% used [0x00000000d5900000,0x00000000d5900000,0x00000000d5980000)
 ParOldGen       total 184832K, used 184544K [0x0000000080000000, 0x000000008b480000, 0x00000000d5580000)
  object space 184832K, 99% used [0x0000000080000000,0x000000008b438340,0x000000008b480000)
 Metaspace       used 74246K, committed 75968K, reserved 1179648K
  class space    used 7580K, committed 8384K, reserved 1048576K
}
Event: 493.625 GC heap after
{Heap after GC invocations=137 (full 3):
 PSYoungGen      total 3072K, used 272K [0x00000000d5580000, 0x00000000d5980000, 0x0000000100000000)
  eden space 2560K, 0% used [0x00000000d5580000,0x00000000d5580000,0x00000000d5800000)
  from space 512K, 53% used [0x00000000d5900000,0x00000000d5944010,0x00000000d5980000)
  to   space 512K, 0% used [0x00000000d5880000,0x00000000d5880000,0x00000000d5900000)
 ParOldGen       total 184832K, used 184592K [0x0000000080000000, 0x000000008b480000, 0x00000000d5580000)
  object space 184832K, 99% used [0x0000000080000000,0x000000008b444340,0x000000008b480000)
 Metaspace       used 74246K, committed 75968K, reserved 1179648K
  class space    used 7580K, committed 8384K, reserved 1048576K
}
Event: 493.673 GC heap before
{Heap before GC invocations=138 (full 3):
 PSYoungGen      total 3072K, used 2832K [0x00000000d5580000, 0x00000000d5980000, 0x0000000100000000)
  eden space 2560K, 100% used [0x00000000d5580000,0x00000000d5800000,0x00000000d5800000)
  from space 512K, 53% used [0x00000000d5900000,0x00000000d5944010,0x00000000d5980000)
  to   space 512K, 0% used [0x00000000d5880000,0x00000000d5880000,0x00000000d5900000)
 ParOldGen       total 184832K, used 184592K [0x0000000080000000, 0x000000008b480000, 0x00000000d5580000)
  object space 184832K, 99% used [0x0000000080000000,0x000000008b444340,0x000000008b480000)
 Metaspace       used 74425K, committed 76160K, reserved 1179648K
  class space    used 7628K, committed 8448K, reserved 1048576K
}
Event: 493.674 GC heap after
{Heap after GC invocations=138 (full 3):
 PSYoungGen      total 3072K, used 224K [0x00000000d5580000, 0x00000000d5980000, 0x0000000100000000)
  eden space 2560K, 0% used [0x00000000d5580000,0x00000000d5580000,0x00000000d5800000)
  from space 512K, 43% used [0x00000000d5880000,0x00000000d58b8000,0x00000000d5900000)
  to   space 512K, 0% used [0x00000000d5900000,0x00000000d5900000,0x00000000d5980000)
 ParOldGen       total 184832K, used 184696K [0x0000000080000000, 0x000000008b480000, 0x00000000d5580000)
  object space 184832K, 99% used [0x0000000080000000,0x000000008b45e370,0x000000008b480000)
 Metaspace       used 74425K, committed 76160K, reserved 1179648K
  class space    used 7628K, committed 8448K, reserved 1048576K
}
Event: 493.723 GC heap before
{Heap before GC invocations=139 (full 3):
 PSYoungGen      total 3072K, used 2784K [0x00000000d5580000, 0x00000000d5980000, 0x0000000100000000)
  eden space 2560K, 100% used [0x00000000d5580000,0x00000000d5800000,0x00000000d5800000)
  from space 512K, 43% used [0x00000000d5880000,0x00000000d58b8000,0x00000000d5900000)
  to   space 512K, 0% used [0x00000000d5900000,0x00000000d5900000,0x00000000d5980000)
 ParOldGen       total 184832K, used 184696K [0x0000000080000000, 0x000000008b480000, 0x00000000d5580000)
  object space 184832K, 99% used [0x0000000080000000,0x000000008b45e370,0x000000008b480000)
 Metaspace       used 74628K, committed 76352K, reserved 1179648K
  class space    used 7676K, committed 8512K, reserved 1048576K
}
Event: 493.725 GC heap after
{Heap after GC invocations=139 (full 3):
 PSYoungGen      total 3072K, used 256K [0x00000000d5580000, 0x00000000d5980000, 0x0000000100000000)
  eden space 2560K, 0% used [0x00000000d5580000,0x00000000d5580000,0x00000000d5800000)
  from space 512K, 50% used [0x00000000d5900000,0x00000000d5940000,0x00000000d5980000)
  to   space 512K, 0% used [0x00000000d5880000,0x00000000d5880000,0x00000000d5900000)
 ParOldGen       total 184832K, used 184744K [0x0000000080000000, 0x000000008b480000, 0x00000000d5580000)
  object space 184832K, 99% used [0x0000000080000000,0x000000008b46a370,0x000000008b480000)
 Metaspace       used 74628K, committed 76352K, reserved 1179648K
  class space    used 7676K, committed 8512K, reserved 1048576K
}
Event: 493.778 GC heap before
{Heap before GC invocations=140 (full 3):
 PSYoungGen      total 3072K, used 2816K [0x00000000d5580000, 0x00000000d5980000, 0x0000000100000000)
  eden space 2560K, 100% used [0x00000000d5580000,0x00000000d5800000,0x00000000d5800000)
  from space 512K, 50% used [0x00000000d5900000,0x00000000d5940000,0x00000000d5980000)
  to   space 512K, 0% used [0x00000000d5880000,0x00000000d5880000,0x00000000d5900000)
 ParOldGen       total 184832K, used 184744K [0x0000000080000000, 0x000000008b480000, 0x00000000d5580000)
  object space 184832K, 99% used [0x0000000080000000,0x000000008b46a370,0x000000008b480000)
 Metaspace       used 74888K, committed 76608K, reserved 1179648K
  class space    used 7726K, committed 8512K, reserved 1048576K
}
Event: 493.779 GC heap after
{Heap after GC invocations=140 (full 3):
 PSYoungGen      total 3072K, used 224K [0x00000000d5580000, 0x00000000d5980000, 0x0000000100000000)
  eden space 2560K, 0% used [0x00000000d5580000,0x00000000d5580000,0x00000000d5800000)
  from space 512K, 43% used [0x00000000d5880000,0x00000000d58b8000,0x00000000d5900000)
  to   space 512K, 0% used [0x00000000d5900000,0x00000000d5900000,0x00000000d5980000)
 ParOldGen       total 184832K, used 184808K [0x0000000080000000, 0x000000008b480000, 0x00000000d5580000)
  object space 184832K, 99% used [0x0000000080000000,0x000000008b47a370,0x000000008b480000)
 Metaspace       used 74888K, committed 76608K, reserved 1179648K
  class space    used 7726K, committed 8512K, reserved 1048576K
}
Event: 493.871 GC heap before
{Heap before GC invocations=141 (full 3):
 PSYoungGen      total 3072K, used 2784K [0x00000000d5580000, 0x00000000d5980000, 0x0000000100000000)
  eden space 2560K, 100% used [0x00000000d5580000,0x00000000d5800000,0x00000000d5800000)
  from space 512K, 43% used [0x00000000d5880000,0x00000000d58b8000,0x00000000d5900000)
  to   space 512K, 0% used [0x00000000d5900000,0x00000000d5900000,0x00000000d5980000)
 ParOldGen       total 184832K, used 184808K [0x0000000080000000, 0x000000008b480000, 0x00000000d5580000)
  object space 184832K, 99% used [0x0000000080000000,0x000000008b47a370,0x000000008b480000)
 Metaspace       used 75229K, committed 76928K, reserved 1179648K
  class space    used 7758K, committed 8576K, reserved 1048576K
}
Event: 493.875 GC heap after
{Heap after GC invocations=141 (full 3):
 PSYoungGen      total 3072K, used 256K [0x00000000d5580000, 0x00000000d5980000, 0x0000000100000000)
  eden space 2560K, 0% used [0x00000000d5580000,0x00000000d5580000,0x00000000d5800000)
  from space 512K, 50% used [0x00000000d5900000,0x00000000d5940000,0x00000000d5980000)
  to   space 512K, 0% used [0x00000000d5880000,0x00000000d5880000,0x00000000d5900000)
 ParOldGen       total 185344K, used 184880K [0x0000000080000000, 0x000000008b500000, 0x00000000d5580000)
  object space 185344K, 99% used [0x0000000080000000,0x000000008b48c370,0x000000008b500000)
 Metaspace       used 75229K, committed 76928K, reserved 1179648K
  class space    used 7758K, committed 8576K, reserved 1048576K
}
Event: 493.887 GC heap before
{Heap before GC invocations=142 (full 3):
 PSYoungGen      total 3072K, used 442K [0x00000000d5580000, 0x00000000d5980000, 0x0000000100000000)
  eden space 2560K, 7% used [0x00000000d5580000,0x00000000d55aea20,0x00000000d5800000)
  from space 512K, 50% used [0x00000000d5900000,0x00000000d5940000,0x00000000d5980000)
  to   space 512K, 0% used [0x00000000d5880000,0x00000000d5880000,0x00000000d5900000)
 ParOldGen       total 185344K, used 184880K [0x0000000080000000, 0x000000008b500000, 0x00000000d5580000)
  object space 185344K, 99% used [0x0000000080000000,0x000000008b48c370,0x000000008b500000)
 Metaspace       used 75241K, committed 76992K, reserved 1179648K
  class space    used 7762K, committed 8576K, reserved 1048576K
}
Event: 493.889 GC heap after
{Heap after GC invocations=142 (full 3):
 PSYoungGen      total 3072K, used 256K [0x00000000d5580000, 0x00000000d5980000, 0x0000000100000000)
  eden space 2560K, 0% used [0x00000000d5580000,0x00000000d5580000,0x00000000d5800000)
  from space 512K, 50% used [0x00000000d5880000,0x00000000d58c0000,0x00000000d5900000)
  to   space 512K, 0% used [0x00000000d5900000,0x00000000d5900000,0x00000000d5980000)
 ParOldGen       total 185344K, used 184968K [0x0000000080000000, 0x000000008b500000, 0x00000000d5580000)
  object space 185344K, 99% used [0x0000000080000000,0x000000008b4a2380,0x000000008b500000)
 Metaspace       used 75241K, committed 76992K, reserved 1179648K
  class space    used 7762K, committed 8576K, reserved 1048576K
}
Event: 493.889 GC heap before
{Heap before GC invocations=143 (full 4):
 PSYoungGen      total 3072K, used 256K [0x00000000d5580000, 0x00000000d5980000, 0x0000000100000000)
  eden space 2560K, 0% used [0x00000000d5580000,0x00000000d5580000,0x00000000d5800000)
  from space 512K, 50% used [0x00000000d5880000,0x00000000d58c0000,0x00000000d5900000)
  to   space 512K, 0% used [0x00000000d5900000,0x00000000d5900000,0x00000000d5980000)
 ParOldGen       total 185344K, used 184968K [0x0000000080000000, 0x000000008b500000, 0x00000000d5580000)
  object space 185344K, 99% used [0x0000000080000000,0x000000008b4a2380,0x000000008b500000)
 Metaspace       used 75241K, committed 76992K, reserved 1179648K
  class space    used 7762K, committed 8576K, reserved 1048576K
}
Event: 494.086 GC heap after
{Heap after GC invocations=143 (full 4):
 PSYoungGen      total 3072K, used 0K [0x00000000d5580000, 0x00000000d5980000, 0x0000000100000000)
  eden space 2560K, 0% used [0x00000000d5580000,0x00000000d5580000,0x00000000d5800000)
  from space 512K, 0% used [0x00000000d5880000,0x00000000d5880000,0x00000000d5900000)
  to   space 512K, 0% used [0x00000000d5900000,0x00000000d5900000,0x00000000d5980000)
 ParOldGen       total 185344K, used 56562K [0x0000000080000000, 0x000000008b500000, 0x00000000d5580000)
  object space 185344K, 30% used [0x0000000080000000,0x000000008373ca38,0x000000008b500000)
 Metaspace       used 75241K, committed 76992K, reserved 1179648K
  class space    used 7762K, committed 8576K, reserved 1048576K
}
Event: 499.315 GC heap before
{Heap before GC invocations=144 (full 4):
 PSYoungGen      total 3072K, used 2560K [0x00000000d5580000, 0x00000000d5980000, 0x0000000100000000)
  eden space 2560K, 100% used [0x00000000d5580000,0x00000000d5800000,0x00000000d5800000)
  from space 512K, 0% used [0x00000000d5880000,0x00000000d5880000,0x00000000d5900000)
  to   space 512K, 0% used [0x00000000d5900000,0x00000000d5900000,0x00000000d5980000)
 ParOldGen       total 185344K, used 56562K [0x0000000080000000, 0x000000008b500000, 0x00000000d5580000)
  object space 185344K, 30% used [0x0000000080000000,0x000000008373ca38,0x000000008b500000)
 Metaspace       used 75635K, committed 77376K, reserved 1179648K
  class space    used 7814K, committed 8640K, reserved 1048576K
}
Event: 499.316 GC heap after
{Heap after GC invocations=144 (full 4):
 PSYoungGen      total 3072K, used 256K [0x00000000d5580000, 0x00000000d5980000, 0x0000000100000000)
  eden space 2560K, 0% used [0x00000000d5580000,0x00000000d5580000,0x00000000d5800000)
  from space 512K, 50% used [0x00000000d5900000,0x00000000d5940000,0x00000000d5980000)
  to   space 512K, 0% used [0x00000000d5880000,0x00000000d5880000,0x00000000d5900000)
 ParOldGen       total 185344K, used 56570K [0x0000000080000000, 0x000000008b500000, 0x00000000d5580000)
  object space 185344K, 30% used [0x0000000080000000,0x000000008373ea38,0x000000008b500000)
 Metaspace       used 75635K, committed 77376K, reserved 1179648K
  class space    used 7814K, committed 8640K, reserved 1048576K
}
Event: 902.620 GC heap before
{Heap before GC invocations=145 (full 4):
 PSYoungGen      total 3072K, used 2815K [0x00000000d5580000, 0x00000000d5980000, 0x0000000100000000)
  eden space 2560K, 99% used [0x00000000d5580000,0x00000000d57ffff0,0x00000000d5800000)
  from space 512K, 50% used [0x00000000d5900000,0x00000000d5940000,0x00000000d5980000)
  to   space 512K, 0% used [0x00000000d5880000,0x00000000d5880000,0x00000000d5900000)
 ParOldGen       total 185344K, used 56570K [0x0000000080000000, 0x000000008b500000, 0x00000000d5580000)
  object space 185344K, 30% used [0x0000000080000000,0x000000008373ea38,0x000000008b500000)
 Metaspace       used 75935K, committed 77632K, reserved 1179648K
  class space    used 7842K, committed 8640K, reserved 1048576K
}
Event: 902.622 GC heap after
{Heap after GC invocations=145 (full 4):
 PSYoungGen      total 3072K, used 256K [0x00000000d5580000, 0x00000000d5980000, 0x0000000100000000)
  eden space 2560K, 0% used [0x00000000d5580000,0x00000000d5580000,0x00000000d5800000)
  from space 512K, 50% used [0x00000000d5880000,0x00000000d58c0000,0x00000000d5900000)
  to   space 512K, 0% used [0x00000000d5900000,0x00000000d5900000,0x00000000d5980000)
 ParOldGen       total 185344K, used 56698K [0x0000000080000000, 0x000000008b500000, 0x00000000d5580000)
  object space 185344K, 30% used [0x0000000080000000,0x000000008375ea38,0x000000008b500000)
 Metaspace       used 75935K, committed 77632K, reserved 1179648K
  class space    used 7842K, committed 8640K, reserved 1048576K
}

